<?xml version="1.0" encoding="UTF-8"?>
<!-- Generated by org.testng.reporters.JUnitXMLReporter -->
<testsuite ignored="0" hostname="DESKTOP-BMDQDQJ" failures="1" tests="2" name="Test" time="33.71" errors="0" timestamp="2020-02-17T20:36:29 IST">
  <testcase classname="HRMSTestNG.HrmsTCExecution" name="exection" time="27.925"/>
  <testcase classname="homePage.TestNgHomePageExecution" name="executionTC" time="0.005">
    <failure type="java.lang.NullPointerException">
      <![CDATA[java.lang.NullPointerException
at java.base/java.util.Objects.requireNonNull(Objects.java:222)
at org.openqa.selenium.interactions.Actions.<init>(Actions.java:65)
at com.Login.LoginObjects.hoverOnElement(LoginObjects.java:57)
at homePage.TestNgHomePageExecution.executionTC(TestNgHomePageExecution.java:20)
at java.base/java.util.ArrayList.forEach(ArrayList.java:1507)
... Removed 27 stack frames]]>
    </failure>
  </testcase> <!-- executionTC -->
</testsuite> <!-- Test -->
